<?xml version="1.0" encoding="UTF-8"?>
<testng-results skipped="0" failed="0" total="1" passed="1">
  <reporter-output>
  </reporter-output>
  <suite name="Default suite" duration-ms="12333" started-at="2022-08-16T04:50:20Z" finished-at="2022-08-16T04:50:33Z">
    <groups>
    </groups>
    <test name="Default test" duration-ms="12333" started-at="2022-08-16T04:50:20Z" finished-at="2022-08-16T04:50:33Z">
      <class name="org.rest.ApiSeri">
        <test-method status="PASS" signature="ti()[pri:0, instance:org.rest.ApiSeri@61dc03ce]" name="ti" duration-ms="12246" started-at="2022-08-16T10:20:21Z" finished-at="2022-08-16T10:20:33Z">
          <reporter-output>
          </reporter-output>
        </test-method> <!-- ti -->
      </class> <!-- org.rest.ApiSeri -->
    </test> <!-- Default test -->
  </suite> <!-- Default suite -->
</testng-results>
